<?xml version="1.0" encoding="UTF-8"?>
<!-- Generated by org.testng.reporters.JUnitReportReporter -->
<testsuite hostname="DESKTOP-HL68Q6A" failures="0" tests="1" name="Tests.Test1" time="0.005" errors="0" timestamp="2025-02-28T06:13:53 IST" skipped="0">
  <testcase classname="Tests.Test1" name="test1" time="0.005"/>
  <system-out/>
</testsuite> <!-- Tests.Test1 -->
