<?xml version="1.0" encoding="UTF-8"?>
<!-- Generated by org.testng.reporters.JUnitReportReporter -->
<testsuite hostname="DESKTOP-HL68Q6A" failures="0" tests="1" name="Tests.Check2" time="0.000" errors="0" timestamp="2025-02-28T05:57:35 IST" skipped="0">
  <testcase classname="Tests.Check2" name="check" time="0.000"/>
  <system-out/>
</testsuite> <!-- Tests.Check2 -->
